1623341505976	geckodriver	INFO	Listening on 127.0.0.1:62875
1623343423275	geckodriver	INFO	Listening on 127.0.0.1:63160
1623343426766	mozrunner::runner	INFO	Running command: "C:\\Users\\User\\Downloads\\PortableApps\\PortableApps\\FirefoxPortable\\App\\Firefox64\\firefox.exe" "--marionette" "-foreground" "-no-remote" "-profile" "C:\\Users\\User\\AppData\\Local\\Temp\\rust_mozprofilepHC3Iw"
1623343427378	Marionette	INFO	Marionette enabled
console.warn: SearchSettings: "get: No settings file exists, new profile?" (new NotFoundError("Could not open the file at C:\\Users\\User\\AppData\\Local\\Temp\\rust_mozprofilepHC3Iw\\search.json.mozlz4", (void 0)))
1623343431321	Marionette	INFO	Listening on port 63169
1623343431572	Marionette	WARN	TLS certificate errors will be ignored for this session
JavaScript warning: https://web.whatsapp.com/bootstrap_qr.9a2bebd8f0c9b5068d2c.js, line 17: unreachable code after return statement
JavaScript warning: https://web.whatsapp.com/bootstrap_qr.9a2bebd8f0c9b5068d2c.js, line 17: unreachable code after return statement
1623343498342	Marionette	INFO	Stopped listening on port 63169
1623343500174	geckodriver	INFO	Listening on 127.0.0.1:63219
1623343503632	mozrunner::runner	INFO	Running command: "C:\\Users\\User\\Downloads\\PortableApps\\PortableApps\\FirefoxPortable\\App\\Firefox64\\firefox.exe" "--marionette" "-foreground" "-no-remote" "-profile" "C:\\Users\\User\\AppData\\Local\\Temp\\rust_mozprofileFQ4rSu"
1623343504247	Marionette	INFO	Marionette enabled
console.warn: SearchSettings: "get: No settings file exists, new profile?" (new NotFoundError("Could not open the file at C:\\Users\\User\\AppData\\Local\\Temp\\rust_mozprofileFQ4rSu\\search.json.mozlz4", (void 0)))
1623343507836	Marionette	INFO	Listening on port 63227
1623343507946	Marionette	WARN	TLS certificate errors will be ignored for this session
JavaScript warning: https://web.whatsapp.com/bootstrap_qr.9a2bebd8f0c9b5068d2c.js, line 17: unreachable code after return statement
JavaScript warning: https://web.whatsapp.com/bootstrap_qr.9a2bebd8f0c9b5068d2c.js, line 17: unreachable code after return statement
1623343590725	Marionette	INFO	Stopped listening on port 63227
1623343656006	geckodriver	INFO	Listening on 127.0.0.1:63283
1623343659472	mozrunner::runner	INFO	Running command: "C:\\Users\\User\\Downloads\\PortableApps\\PortableApps\\FirefoxPortable\\App\\Firefox64\\firefox.exe" "--marionette" "-foreground" "-no-remote" "-profile" "C:\\Users\\User\\AppData\\Local\\Temp\\rust_mozprofileYqyZKV"
1623343660132	Marionette	INFO	Marionette enabled
console.warn: SearchSettings: "get: No settings file exists, new profile?" (new NotFoundError("Could not open the file at C:\\Users\\User\\AppData\\Local\\Temp\\rust_mozprofileYqyZKV\\search.json.mozlz4", (void 0)))
1623343663729	Marionette	INFO	Listening on port 63291
1623343663794	Marionette	WARN	TLS certificate errors will be ignored for this session
JavaScript warning: https://web.whatsapp.com/bootstrap_qr.9a2bebd8f0c9b5068d2c.js, line 17: unreachable code after return statement
JavaScript warning: https://web.whatsapp.com/bootstrap_qr.9a2bebd8f0c9b5068d2c.js, line 17: unreachable code after return statement
1623343724781	Marionette	INFO	Stopped listening on port 63291
3343723972	mozrunner::runner	INFO	Running command: "C:\\Users\\User\\Downloads\\PortableApps\\PortableApps\\FirefoxPortable\\App\\Firefox64\\firefox.exe" "--marionette" "-foreground" "-no-remote" "-profile" "C:\\Users\\User\\AppData\\Local\\Temp\\rust_mozprofileF0QPox"
1623343724930	Marionette	INFO	Marionette enabled
console.warn: SearchSettings: "get: No settings file exists, new profile?" (new NotFoundError("Could not open the file at C:\\Users\\User\\AppData\\Local\\Temp\\rust_mozprofileF0QPox\\search.json.mozlz4", (void 0)))
1623343728668	Marionette	INFO	Listening on port 63341
1623343728839	Marionette	WARN	TLS certificate errors will be ignored for this session
1623343750226	Marionette	INFO	Stopped listening on port 63341
1623343755204	geckodriver	INFO	Listening on 127.0.0.1:63389
1623343758714	mozrunner::runner	INFO	Running command: "C:\\Users\\User\\Downloads\\PortableApps\\PortableApps\\FirefoxPortable\\App\\Firefox64\\firefox.exe" "--marionette" "-foreground" "-no-remote" "-profile" "C:\\Users\\User\\AppData\\Local\\Temp\\rust_mozprofileVgzRlg"
1623343759319	Marionette	INFO	Marionette enabled
console.warn: SearchSettings: "get: No settings file exists, new profile?" (new NotFoundError("Could not open the file at C:\\Users\\User\\AppData\\Local\\Temp\\rust_mozprofileVgzRlg\\search.json.mozlz4", (void 0)))
1623343762606	Marionette	INFO	Listening on port 63397
1623343762936	Marionette	WARN	TLS certificate errors will be ignored for this session
JavaScript warning: https://web.whatsapp.com/bootstrap_qr.9a2bebd8f0c9b5068d2c.js, line 17: unreachable code after return statement
JavaScript warning: https://web.whatsapp.com/bootstrap_qr.9a2bebd8f0c9b5068d2c.js, line 17: unreachable code after return statement
1623343839112	Marionette	INFO	Stopped listening on port 63397
1623343901300	geckodriver	INFO	Listening on 127.0.0.1:63442
1623343904806	mozrunner::runner	INFO	Running command: "C:\\Users\\User\\Downloads\\PortableApps\\PortableApps\\FirefoxPortable\\App\\Firefox64\\firefox.exe" "--marionette" "-foreground" "-no-remote" "-profile" "C:\\Users\\User\\AppData\\Local\\Temp\\rust_mozprofile0Y1Jqm"
1623343905508	Marionette	INFO	Marionette enabled
console.warn: SearchSettings: "get: No settings file exists, new profile?" (new NotFoundError("Could not open the file at C:\\Users\\User\\AppData\\Local\\Temp\\rust_mozprofile0Y1Jqm\\search.json.mozlz4", (void 0)))
1623343909200	Marionette	INFO	Listening on port 63450
1623343909601	Marionette	WARN	TLS certificate errors will be ignored for this session
JavaScript warning: https://web.whatsapp.com/bootstrap_qr.9a2bebd8f0c9b5068d2c.js, line 17: unreachable code after return statement
JavaScript warning: https://web.whatsapp.com/bootstrap_qr.9a2bebd8f0c9b5068d2c.js, line 17: unreachable code after return statement
JavaScript error: resource://gre/modules/CrashMonitor.jsm, line 201: AbortError: IOUtils: Shutting down and refusing additional I/O tasks
1623344011226	Marionette	INFO	Stopped listening on port 63450
1623344015510	geckodriver	INFO	Listening on 127.0.0.1:63495
1623344019010	mozrunner::runner	INFO	Running command: "C:\\Users\\User\\Downloads\\PortableApps\\PortableApps\\FirefoxPortable\\App\\Firefox64\\firefox.exe" "--marionette" "-foreground" "-no-remote" "-profile" "C:\\Users\\User\\AppData\\Local\\Temp\\rust_mozprofile8pv8zl"
1623344019630	Marionette	INFO	Marionette enabled
console.warn: SearchSettings: "get: No settings file exists, new profile?" (new NotFoundError("Could not open the file at C:\\Users\\User\\AppData\\Local\\Temp\\rust_mozprofile8pv8zl\\search.json.mozlz4", (void 0)))
1623344023265	Marionette	INFO	Listening on port 63503
1623344023340	Marionette	WARN	TLS certificate errors will be ignored for this session
JavaScript warning: https://web.whatsapp.com/bootstrap_qr.9a2bebd8f0c9b5068d2c.js, line 17: unreachable code after return statement
JavaScript warning: https://web.whatsapp.com/bootstrap_qr.9a2bebd8f0c9b5068d2c.js, line 17: unreachable code after return statement
JavaScript error: , line 0: NotFoundError: No such JSWindowActor 'MarionetteCommands'
JavaScript error: resource://gre/modules/Sqlite.jsm, line 1030: Error: Sqlite.jsm has been shutdown. Cannot open connection to: C:\Users\User\AppData\Local\Temp\rust_mozprofile8pv8zl\protections.sqlite
1623344469841	Marionette	INFO	Stopped listening on port 63503
1623344567822	geckodriver	INFO	Listening on 127.0.0.1:63579
1623344571283	mozrunner::runner	INFO	Running command: "C:\\Users\\User\\Downloads\\PortableApps\\PortableApps\\FirefoxPortable\\App\\Firefox64\\firefox.exe" "--marionette" "-foreground" "-no-remote" "-profile" "C:\\Users\\User\\AppData\\Local\\Temp\\rust_mozprofileGMD6Ot"
1623344571930	Marionette	INFO	Marionette enabled
console.warn: SearchSettings: "get: No settings file exists, new profile?" (new NotFoundError("Could not open the file at C:\\Users\\User\\AppData\\Local\\Temp\\rust_mozprofileGMD6Ot\\search.json.mozlz4", (void 0)))
1623344575602	Marionette	INFO	Listening on port 63587
1623344576135	Marionette	WARN	TLS certificate errors will be ignored for this session
JavaScript warning: https://web.whatsapp.com/bootstrap_qr.9a2bebd8f0c9b5068d2c.js, line 17: unreachable code after return statement
JavaScript warning: https://web.whatsapp.com/bootstrap_qr.9a2bebd8f0c9b5068d2c.js, line 17: unreachable code after return statement
JavaScript error: resource://gre/modules/Sqlite.jsm, line 1030: Error: Sqlite.jsm has been shutdown. Cannot open connection to: C:\Users\User\AppData\Local\Temp\rust_mozprofileGMD6Ot\protections.sqlite

###!!! [Child][RunMessage] Error: Channel closing: too late to send/recv, messages will be lost

1623344671732	Marionette	INFO	Stopped listening on port 63587
1623344733644	geckodriver	INFO	Listening on 127.0.0.1:63640
1623344737139	mozrunner::runner	INFO	Running command: "C:\\Users\\User\\Downloads\\PortableApps\\PortableApps\\FirefoxPortable\\App\\Firefox64\\firefox.exe" "--marionette" "-foreground" "-no-remote" "-profile" "C:\\Users\\User\\AppData\\Local\\Temp\\rust_mozprofiled4J1DT"
1623344737764	Marionette	INFO	Marionette enabled
console.warn: SearchSettings: "get: No settings file exists, new profile?" (new NotFoundError("Could not open the file at C:\\Users\\User\\AppData\\Local\\Temp\\rust_mozprofiled4J1DT\\search.json.mozlz4", (void 0)))
1623344741204	Marionette	INFO	Listening on port 63648
1623344741334	Marionette	WARN	TLS certificate errors will be ignored for this session
JavaScript warning: https://web.whatsapp.com/bootstrap_qr.9a2bebd8f0c9b5068d2c.js, line 17: unreachable code after return statement
JavaScript warning: https://web.whatsapp.com/bootstrap_qr.9a2bebd8f0c9b5068d2c.js, line 17: unreachable code after return statement
JavaScript error: resource://gre/modules/AsyncShutdown.jsm, line 575: NotFoundError: No such JSWindowActor 'MarionetteEvents'
JavaScript error: resource://gre/modules/Sqlite.jsm, line 1030: Error: Sqlite.jsm has been shutdown. Cannot open connection to: C:\Users\User\AppData\Local\Temp\rust_mozprofiled4J1DT\protections.sqlite

###!!! [Child][RunMessage] Error: Channel closing: too late to send/recv, messages will be lost

1623344770733	Marionette	INFO	Stopped listening on port 63648
1623344820274	geckodriver	INFO	Listening on 127.0.0.1:63707
1623344823758	mozrunner::runner	INFO	Running command: "C:\\Users\\User\\Downloads\\PortableApps\\PortableApps\\FirefoxPortable\\App\\Firefox64\\firefox.exe" "--marionette" "-foreground" "-no-remote" "-profile" "C:\\Users\\User\\AppData\\Local\\Temp\\rust_mozprofile6zD9i4"
1623344824360	Marionette	INFO	Marionette enabled
console.warn: SearchSettings: "get: No settings file exists, new profile?" (new NotFoundError("Could not open the file at C:\\Users\\User\\AppData\\Local\\Temp\\rust_mozprofile6zD9i4\\search.json.mozlz4", (void 0)))
1623344827672	Marionette	INFO	Listening on port 63715
1623344827974	Marionette	WARN	TLS certificate errors will be ignored for this session
JavaScript warning: https://web.whatsapp.com/bootstrap_qr.9a2bebd8f0c9b5068d2c.js, line 17: unreachable code after return statement
JavaScript warning: https://web.whatsapp.com/bootstrap_qr.9a2bebd8f0c9b5068d2c.js, line 17: unreachable code after return statement
JavaScript error: , line 0: NotFoundError: No such JSWindowActor 'MarionetteCommands'

###!!! [Parent][MessageChannel] Error: (msgtype=0x680008,name=PMessagePort::Msg___delete__) Channel closing: too late to send/recv, messages will be lost


###!!! [Parent][RunMessage] Error: Channel closing: too late to send/recv, messages will be lost


###!!! [Parent][RunMessage] Error: Channel closing: too late to send/recv, messages will be lost


###!!! [Parent][RunMessage] Error: Channel closing: too late to send/recv, messages will be lost


###!!! [Parent][RunMessage] Error: Channel closing: too late to send/recv, messages will be lost


###!!! [Parent][RunMessage] Error: Channel closing: too late to send/recv, messages will be lost


###!!! [Parent][RunMessage] Error: Channel closing: too late to send/recv, messages will be lost


###!!! [Parent][RunMessage] Error: Channel closing: too late to send/recv, messages will be lost


###!!! [Parent][RunMessage] Error: Channel closing: too late to send/recv, messages will be lost

JavaScript error: resource://gre/modules/Sqlite.jsm, line 1030: Error: Sqlite.jsm has been shutdown. Cannot open connection to: C:\Users\User\AppData\Local\Temp\rust_mozprofile6zD9i4\protections.sqlite
1623352676309	Marionette	INFO	Stopped listening on port 63715
1623352677821	geckodriver	INFO	Listening on 127.0.0.1:63964
1623352681314	mozrunner::runner	INFO	Running command: "C:\\Users\\User\\Downloads\\PortableApps\\PortableApps\\FirefoxPortable\\App\\Firefox64\\firefox.exe" "--marionette" "-foreground" "-no-remote" "-profile" "C:\\Users\\User\\AppData\\Local\\Temp\\rust_mozprofileLIFKnE"
1623352681938	Marionette	INFO	Marionette enabled
console.warn: SearchSettings: "get: No settings file exists, new profile?" (new NotFoundError("Could not open the file at C:\\Users\\User\\AppData\\Local\\Temp\\rust_mozprofileLIFKnE\\search.json.mozlz4", (void 0)))
1623352685500	Marionette	INFO	Listening on port 63973
1623352685623	Marionette	WARN	TLS certificate errors will be ignored for this session
JavaScript warning: https://web.whatsapp.com/bootstrap_qr.9a2bebd8f0c9b5068d2c.js, line 17: unreachable code after return statement
JavaScript warning: https://web.whatsapp.com/bootstrap_qr.9a2bebd8f0c9b5068d2c.js, line 17: unreachable code after return statement

###!!! [Parent][RunMessage] Error: Channel closing: too late to send/recv, messages will be lost


###!!! [Parent][RunMessage] Error: Channel closing: too late to send/recv, messages will be lost


###!!! [Parent][RunMessage] Error: Channel closing: too late to send/recv, messages will be lost


###!!! [Parent][RunMessage] Error: Channel closing: too late to send/recv, messages will be lost


###!!! [Parent][RunMessage] Error: Channel closing: too late to send/recv, messages will be lost


###!!! [Parent][RunMessage] Error: Channel closing: too late to send/recv, messages will be lost


###!!! [Parent][RunMessage] Error: Channel closing: too late to send/recv, messages will be lost


###!!! [Parent][RunMessage] Error: Channel closing: too late to send/recv, messages will be lost


###!!! [Parent][RunMessage] Error: Channel closing: too late to send/recv, messages will be lost


###!!! [Parent][RunMessage] Error: Channel closing: too late to send/recv, messages will be lost


###!!! [Parent][RunMessage] Error: Channel closing: too late to send/recv, messages will be lost


###!!! [Parent][RunMessage] Error: Channel closing: too late to send/recv, messages will be lost


###!!! [Parent][RunMessage] Error: Channel closing: too late to send/recv, messages will be lost


###!!! [Parent][RunMessage] Error: Channel closing: too late to send/recv, messages will be lost

JavaScript error: resource://gre/modules/Sqlite.jsm, line 1030: Error: Sqlite.jsm has been shutdown. Cannot open connection to: C:\Users\User\AppData\Local\Temp\rust_mozprofileLIFKnE\protections.sqlite
1623352958556	Marionette	INFO	Stopped listening on port 63973

###!!! [Child][RunMessage] Error: Channel closing: too late to send/recv, messages will be lost

1623353213438	geckodriver	INFO	Listening on 127.0.0.1:64053
1623353216890	mozrunner::runner	INFO	Running command: "C:\\Users\\User\\Downloads\\PortableApps\\PortableApps\\FirefoxPortable\\App\\Firefox64\\firefox.exe" "--marionette" "-foreground" "-no-remote" "-profile" "C:\\Users\\User\\AppData\\Local\\Temp\\rust_mozprofileox718w"
1623353217535	Marionette	INFO	Marionette enabled
console.warn: SearchSettings: "get: No settings file exists, new profile?" (new NotFoundError("Could not open the file at C:\\Users\\User\\AppData\\Local\\Temp\\rust_mozprofileox718w\\search.json.mozlz4", (void 0)))
1623353221377	Marionette	INFO	Listening on port 64061
console.error: services.settings: 
  main/message-groups Signature failed  TypeError: NetworkError when attempting to fetch resource.
1623353222107	Marionette	INFO	Stopped listening on port 64061

###!!! [Child][RunMessage] Error: Channel closing: too late to send/recv, messages will be lost

1623353302734	geckodriver	INFO	Listening on 127.0.0.1:64084
1623353306226	mozrunner::runner	INFO	Running command: "C:\\Users\\User\\Downloads\\PortableApps\\PortableApps\\FirefoxPortable\\App\\Firefox64\\firefox.exe" "--marionette" "-foreground" "-no-remote" "-profile" "C:\\Users\\User\\AppData\\Local\\Temp\\rust_mozprofilevhQRQy"
1623353306857	Marionette	INFO	Marionette enabled
console.warn: SearchSettings: "get: No settings file exists, new profile?" (new NotFoundError("Could not open the file at C:\\Users\\User\\AppData\\Local\\Temp\\rust_mozprofilevhQRQy\\search.json.mozlz4", (void 0)))
1623353310696	Marionette	INFO	Listening on port 64092
1623353311049	Marionette	WARN	TLS certificate errors will be ignored for this session
JavaScript warning: https://web.whatsapp.com/bootstrap_qr.9a2bebd8f0c9b5068d2c.js, line 17: unreachable code after return statement
JavaScript warning: https://web.whatsapp.com/bootstrap_qr.9a2bebd8f0c9b5068d2c.js, line 17: unreachable code after return statement

###!!! [Parent][RunMessage] Error: Channel closing: too late to send/recv, messages will be lost


###!!! [Parent][RunMessage] Error: Channel closing: too late to send/recv, messages will be lost


###!!! [Parent][RunMessage] Error: Channel closing: too late to send/recv, messages will be lost

JavaScript error: resource://gre/modules/AsyncShutdown.jsm, line 718: Error: Phase "Sqlite.jsm: wait until all connections are closed" is finished, it is too late to register completion condition "protections.sqlite#0: waiting for shutdown"
1623353442599	Marionette	INFO	Stopped listening on port 64092

###!!! [Child][RunMessage] Error: Channel closing: too late to send/recv, messages will be lost

1623353550415	geckodriver	INFO	Listening on 127.0.0.1:64142
1623353553922	mozrunner::runner	INFO	Running command: "C:\\Users\\User\\Downloads\\PortableApps\\PortableApps\\FirefoxPortable\\App\\Firefox64\\firefox.exe" "--marionette" "-foreground" "-no-remote" "-profile" "C:\\Users\\User\\AppData\\Local\\Temp\\rust_mozprofileSRG6T4"
1623353554559	Marionette	INFO	Marionette enabled
console.warn: SearchSettings: "get: No settings file exists, new profile?" (new NotFoundError("Could not open the file at C:\\Users\\User\\AppData\\Local\\Temp\\rust_mozprofileSRG6T4\\search.json.mozlz4", (void 0)))
1623353557872	Marionette	INFO	Listening on port 64150
1623353558123	Marionette	WARN	TLS certificate errors will be ignored for this session
JavaScript warning: https://web.whatsapp.com/bootstrap_qr.9a2bebd8f0c9b5068d2c.js, line 17: unreachable code after return statement
JavaScript warning: https://web.whatsapp.com/bootstrap_qr.9a2bebd8f0c9b5068d2c.js, line 17: unreachable code after return statement

###!!! [Parent][MessageChannel] Error: (msgtype=0x680008,name=PMessagePort::Msg___delete__) Channel error: cannot send/recv

JavaScript error: resource://gre/actors/AutoCompleteChild.jsm, line 125: Error: Invalid autocomplete selectedIndex
JavaScript error: resource://gre/actors/AutoCompleteChild.jsm, line 125: Error: Invalid autocomplete selectedIndex
JavaScript error: resource://gre/modules/Sqlite.jsm, line 1030: Error: Sqlite.jsm has been shutdown. Cannot open connection to: C:\Users\User\AppData\Local\Temp\rust_mozprofileSRG6T4\protections.sqlite

###!!! [Child][RunMessage] Error: Channel closing: too late to send/recv, messages will be lost

1623354126266	Marionette	INFO	Stopped listening on port 64150
onette enabled
console.warn: SearchSettings: "get: No settings file exists, new profile?" (new NotFoundError("Could not open the file at C:\\Users\\User\\AppData\\Local\\Temp\\rust_mozprofileNBOz6j\\search.json.mozlz4", (void 0)))
1623354129096	Marionette	INFO	Listening on port 64279
1623354129283	Marionette	WARN	TLS certificate errors will be ignored for this session
JavaScript warning: https://web.whatsapp.com/bootstrap_qr.9a2bebd8f0c9b5068d2c.js, line 17: unreachable code after return statement
JavaScript warning: https://web.whatsapp.com/bootstrap_qr.9a2bebd8f0c9b5068d2c.js, line 17: unreachable code after return statement
JavaScript error: , line 0: NS_ERROR_NOT_AVAILABLE
JavaScript error: resource://gre/modules/AsyncShutdown.jsm, line 718: Error: Phase "Sqlite.jsm: wait until all connections are closed" is finished, it is too late to register completion condition "protections.sqlite#0: waiting for shutdown"
1623355716702	Marionette	INFO	Stopped listening on port 64279

###!!! [Child][RunMessage] Error: Channel closing: too late to send/recv, messages will be lost

1623355745976	geckodriver	INFO	Listening on 127.0.0.1:64366
1623355749454	mozrunner::runner	INFO	Running command: "C:\\Users\\User\\Downloads\\PortableApps\\PortableApps\\FirefoxPortable\\App\\Firefox64\\firefox.exe" "--marionette" "-foreground" "-no-remote" "-profile" "C:\\Users\\User\\AppData\\Local\\Temp\\rust_mozprofilerZ7Dw8"
1623355750033	Marionette	INFO	Marionette enabled
console.warn: SearchSettings: "get: No settings file exists, new profile?" (new NotFoundError("Could not open the file at C:\\Users\\User\\AppData\\Local\\Temp\\rust_mozprofilerZ7Dw8\\search.json.mozlz4", (void 0)))
1623355753511	Marionette	INFO	Listening on port 64374
1623355753662	Marionette	WARN	TLS certificate errors will be ignored for this session
JavaScript warning: https://web.whatsapp.com/bootstrap_qr.9a2bebd8f0c9b5068d2c.js, line 17: unreachable code after return statement
JavaScript warning: https://web.whatsapp.com/bootstrap_qr.9a2bebd8f0c9b5068d2c.js, line 17: unreachable code after return statement
JavaScript error: resource://gre/modules/Sqlite.jsm, line 1030: Error: Sqlite.jsm has been shutdown. Cannot open connection to: C:\Users\User\AppData\Local\Temp\rust_mozprofilerZ7Dw8\protections.sqlite
1623357026226	Marionette	INFO	Stopped listening on port 64374
1623357047851	geckodriver	INFO	Listening on 127.0.0.1:64468
1623357051374	mozrunner::runner	INFO	Running command: "C:\\Users\\User\\Downloads\\PortableApps\\PortableApps\\FirefoxPortable\\App\\Firefox64\\firefox.exe" "--marionette" "-foreground" "-no-remote" "-profile" "C:\\Users\\User\\AppData\\Local\\Temp\\rust_mozprofileZtaavJ"
1623357052084	Marionette	INFO	Marionette enabled
console.warn: SearchSettings: "get: No settings file exists, new profile?" (new NotFoundError("Could not open the file at C:\\Users\\User\\AppData\\Local\\Temp\\rust_mozprofileZtaavJ\\search.json.mozlz4", (void 0)))
1623357055989	Marionette	INFO	Listening on port 64476
1623357056190	Marionette	WARN	TLS certificate errors will be ignored for this session
JavaScript warning: https://web.whatsapp.com/bootstrap_qr.9a2bebd8f0c9b5068d2c.js, line 17: unreachable code after return statement
JavaScript warning: https://web.whatsapp.com/bootstrap_qr.9a2bebd8f0c9b5068d2c.js, line 17: unreachable code after return statement
JavaScript error: resource://gre/modules/Sqlite.jsm, line 1030: Error: Sqlite.jsm has been shutdown. Cannot open connection to: C:\Users\User\AppData\Local\Temp\rust_mozprofileZtaavJ\protections.sqlite
1623357216550	Marionette	INFO	Stopped listening on port 64476
1623357366573	geckodriver	INFO	Listening on 127.0.0.1:64568
1623357370076	mozrunner::runner	INFO	Running command: "C:\\Users\\User\\Downloads\\PortableApps\\PortableApps\\FirefoxPortable\\App\\Firefox64\\firefox.exe" "--marionette" "-foreground" "-no-remote" "-profile" "C:\\Users\\User\\AppData\\Local\\Temp\\rust_mozprofilePwWbGV"
1623357370758	Marionette	INFO	Marionette enabled
console.warn: SearchSettings: "get: No settings file exists, new profile?" (new NotFoundError("Could not open the file at C:\\Users\\User\\AppData\\Local\\Temp\\rust_mozprofilePwWbGV\\search.json.mozlz4", (void 0)))
1623357374415	Marionette	INFO	Listening on port 64576
1623357374895	Marionette	WARN	TLS certificate errors will be ignored for this session
JavaScript warning: https://web.whatsapp.com/bootstrap_qr.9a2bebd8f0c9b5068d2c.js, line 17: unreachable code after return statement
JavaScript warning: https://web.whatsapp.com/bootstrap_qr.9a2bebd8f0c9b5068d2c.js, line 17: unreachable code after return statement
JavaScript error: resource://gre/modules/Sqlite.jsm, line 1030: Error: Sqlite.jsm has been shutdown. Cannot open connection to: C:\Users\User\AppData\Local\Temp\rust_mozprofilePwWbGV\protections.sqlite
1623361453070	Marionette	INFO	Stopped listening on port 64576
1623416213087	geckodriver	INFO	Listening on 127.0.0.1:63524
1623416217183	mozrunner::runner	INFO	Running command: "C:\\Users\\User\\Downloads\\PortableApps\\PortableApps\\FirefoxPortable\\App\\Firefox64\\firefox.exe" "--marionette" "-foreground" "-no-remote" "-profile" "C:\\Users\\User\\AppData\\Local\\Temp\\rust_mozprofileD6riCY"
1623416218664	Marionette	INFO	Marionette enabled
console.warn: SearchSettings: "get: No settings file exists, new profile?" (new NotFoundError("Could not open the file at C:\\Users\\User\\AppData\\Local\\Temp\\rust_mozprofileD6riCY\\search.json.mozlz4", (void 0)))
1623416224225	Marionette	INFO	Listening on port 63532
1623416224670	Marionette	WARN	TLS certificate errors will be ignored for this session
JavaScript warning: https://web.whatsapp.com/bootstrap_qr.9a2bebd8f0c9b5068d2c.js, line 17: unreachable code after return statement
JavaScript warning: https://web.whatsapp.com/bootstrap_qr.9a2bebd8f0c9b5068d2c.js, line 17: unreachable code after return statement
JavaScript error: resource://gre/modules/Sqlite.jsm, line 1030: Error: Sqlite.jsm has been shutdown. Cannot open connection to: C:\Users\User\AppData\Local\Temp\rust_mozprofileD6riCY\protections.sqlite

###!!! [Child][RunMessage] Error: Channel closing: too late to send/recv, messages will be lost


###!!! [Child][MessageChann1623416881184	Marionette	INFO	Marionette enabled
console.warn: SearchSettings: "get: No settings file exists, new profile?" (new NotFoundError("Could not open the file at C:\\Users\\User\\AppData\\Local\\Temp\\rust_mozprofileytsmG2\\search.json.mozlz4", (void 0)))
1623416884774	Marionette	INFO	Listening on port 63691
1623416885011	Marionette	WARN	TLS certificate errors will be ignored for this session
JavaScript warning: https://web.whatsapp.com/bootstrap_qr.9a2bebd8f0c9b5068d2c.js, line 17: unreachable code after return statement
JavaScript warning: https://web.whatsapp.com/bootstrap_qr.9a2bebd8f0c9b5068d2c.js, line 17: unreachable code after return statement
JavaScript error: , line 0: NotFoundError: No such JSWindowActor 'MarionetteCommands'

###!!! [Parent][RunMessage] Error: Channel closing: too late to send/recv, messages will be lost

1623417605961	Marionette	INFO	Stopped listening on port 63691

###!!! [Child][RunMessage] Error: Channel closing: too late to send/recv, messages will be lost

1623417621259	geckodriver	INFO	Listening on 127.0.0.1:63849
1623417624790	mozrunner::runner	INFO	Running command: "C:\\Users\\User\\Downloads\\PortableApps\\PortableApps\\FirefoxPortable\\App\\Firefox64\\firefox.exe" "--marionette" "-foreground" "-no-remote" "-profile" "C:\\Users\\User\\AppData\\Local\\Temp\\rust_mozprofileq5hia4"
1623417625444	Marionette	INFO	Marionette enabled
console.warn: SearchSettings: "get: No settings file exists, new profile?" (new NotFoundError("Could not open the file at C:\\Users\\User\\AppData\\Local\\Temp\\rust_mozprofileq5hia4\\search.json.mozlz4", (void 0)))
1623417629209	Marionette	INFO	Listening on port 63857
1623417629665	Marionette	WARN	TLS certificate errors will be ignored for this session
JavaScript warning: https://web.whatsapp.com/bootstrap_qr.9a2bebd8f0c9b5068d2c.js, line 17: unreachable code after return statement
JavaScript warning: https://web.whatsapp.com/bootstrap_qr.9a2bebd8f0c9b5068d2c.js, line 17: unreachable code after return statement
JavaScript warning: https://web.whatsapp.com/bootstrap_qr.9a2bebd8f0c9b5068d2c.js, line 17: unreachable code after return statement
JavaScript warning: https://web.whatsapp.com/bootstrap_qr.9a2bebd8f0c9b5068d2c.js, line 17: unreachable code after return statement
JavaScript warning: https://web.whatsapp.com/bootstrap_qr.9a2bebd8f0c9b5068d2c.js, line 17: unreachable code after return statement
JavaScript warning: https://web.whatsapp.com/bootstrap_qr.9a2bebd8f0c9b5068d2c.js, line 17: unreachable code after return statement
1623420236544	Marionette	INFO	Stopped listening on port 63851623420237657	mozrunner::runner	INFO	Running command: "C:\\Users\\User\\Downloads\\PortableApps\\PortableApps\\FirefoxPortable\\App\\Firefox64\\firefox.exe" "--marionette" "-foreground" "-no-remote" "-profile" "C:\\Users\\User\\AppData\\Local\\Temp\\rust_mozprofilenMCQ5u"
1623420238350	Marionette	INFO	Marionette enabled
console.warn: SearchSettings: "get: No settings file exists, new profile?" (new NotFoundError("Could not open the file at C:\\Users\\User\\AppData\\Local\\Temp\\rust_mozprofilenMCQ5u\\search.json.mozlz4", (void 0)))
1623420242196	Marionette	INFO	Listening on port 64265
1623420242512	Marionette	WARN	TLS certificate errors will be ignored for this session
JavaScript warning: https://web.whatsapp.com/bootstrap_qr.9a2bebd8f0c9b5068d2c.js, line 17: unreachable code after return statement
JavaScript warning: https://web.whatsapp.com/bootstrap_qr.9a2bebd8f0c9b5068d2c.js, line 17: unreachable code after return statement
JavaScript error: , line 0: NotFoundError: No such JSWindowActor 'MarionetteCommands'
JavaScript error: resource://gre/modules/Sqlite.jsm, line 1030: Error: Sqlite.jsm has been shutdown. Cannot open connection to: C:\Users\User\AppData\Local\Temp\rust_mozprofilenMCQ5u\protections.sqlite

###!!! [Child][RunMessage] Error: Channel closing: too late to send/recv, messages will be lost

1623422588330	Marionette	INFO1623422588707	Marionette	INFO	Marionette enabled
console.warn: SearchSettings: "get: No settings file exists, new profile?" (new NotFoundError("Could not open the file at C:\\Users\\User\\AppData\\Local\\Temp\\rust_mozprofileR7yyn3\\search.json.mozlz4", (void 0)))
1623422592206	Marionette	INFO	Listening on port 64673
1623422592727	Marionette	WARN	TLS certificate errors will be ignored for this session
JavaScript warning: https://web.whatsapp.com/bootstrap_qr.9a2bebd8f0c9b5068d2c.js, line 17: unreachable code after return statement
JavaScript warning: https://web.whatsapp.com/bootstrap_qr.9a2bebd8f0c9b5068d2c.js, line 17: unreachable code after return statement
JavaScript warning: https://web.whatsapp.com/bootstrap_qr.9a2bebd8f0c9b5068d2c.js, line 17: unreachable code after return statement
JavaScript warning: https://web.whatsapp.com/bootstrap_qr.9a2bebd8f0c9b5068d2c.js, line 17: unreachable code after return statement
[Parent 8992, IPC I/O Parent] WARNING: pipe error: 232: file /builds/worker/checkouts/gecko/ipc/chromium/src/chrome/common/ipc_channel_win.cc:544
1623425282663	Marionette	INFO	Stopped listening on port 64673

###!!! [Child][RunMessage] Error: Channel closing: too late to send/recv, messages will be lost

ust_mozprofileyr7ZOv"
1623425276508	Marionette	INFO	Marionette enabled
console.warn: SearchSettings: "get: No settings file exists, new profile?" (new NotFoundError("Could not open the file at C:\\Users\\User\\AppData\\Local\\Temp\\rust_mozprofileyr7ZOv\\search.json.mozlz4", (void 0)))
1623425281377	Marionette	INFO	Listening on port 65016
1623425281728	Marionette	WARN	TLS certificate errors will be ignored for this session
JavaScript warning: https://web.whatsapp.com/bootstrap_qr.9a2bebd8f0c9b5068d2c.js, line 17: unreachable code after return statement
JavaScript warning: https://web.whatsapp.com/bootstrap_qr.9a2bebd8f0c9b5068d2c.js, line 17: unreachable code after return statement
JavaScript error: resource://gre/modules/Sqlite.jsm, line 101623426261039	mozrunner::runner	INFO	Running command: "C:\\Users\\User\\Downloads\\PortableApps\\PortableApps\\FirefoxPortable\\App\\Firefox64\\firefox.exe" "--marionette" "-foreground" "-no-remote" "-profile" "C:\\Users\\User\\AppData\\Local\\Temp\\rust_mozprofilekjxl4O"
1623426261675	Marionette	INFO	Marionette enabled
console.warn: SearchSettings: "get: No settings file exists, new profile?" (new NotFoundError("Could not open the file at C:\\Users\\User\\AppData\\Local\\Temp\\rust_mozprofilekjxl4O\\search.json.mozlz4", (void 0)))
1623426265386	Marionette	INFO	Listening on port 65218
1623426265869	Marionette	WARN	TLS certificate errors will be ignored for this session
JavaScript warning: https://web.whatsapp.com/bootstrap_qr.9a2bebd8f0c9b5068d2c.js, line 17: unreachable code after return statement
JavaScript warning: https://web.whatsapp.com/bootstrap_qr.9a2bebd8f0c9b5068d2c.js, line 17: unreachable code after return statement

###!!! [Child][RunMessage] Error: Channel closing: too lat1623427214257	mozrunner::runner	INFO	Running command: "C:\\Users\\User\\Downloads\\PortableApps\\PortableApps\\FirefoxPortable\\App\\Firefox64\\firefox.exe" "--marionette" "-foreground" "-no-remote" "-profile" "C:\\Users\\User\\AppData\\Local\\Temp\\rust_mozprofileZyf4Qr"
1623427214905	Marionette	INFO	Marionette enabled
console.warn: SearchSettings: "get: No settings file exists, new profile?" (new NotFoundError("Could not open the file at C:\\Users\\User\\AppData\\Local\\Temp\\rust_mozprofileZyf4Qr\\search.json.mozlz4", (void 0)))
1623427218532	Marionette	INFO	Listening on port 65521
1623427218587	Marionette	WARN	TLS certificate errors will be ignored for this session
JavaScript warning: https://web.whatsapp.com/bootstrap_qr.9a2bebd8f0c9b5068d2c.js, line 17: unreachable code after return statement
JavaScript warning: https://web.whatsapp.com/bootstrap_qr.9a2bebd8f0c9b5068d2c.js, line 17: unreachable code after return statement
Marionette threw an error: NotFoundError: WindowGlobalParent.getActor: No such JSWindowActor 'MarionetteCommands'
getMarionetteCommandsActorProxy/get/<@chrome://marionette/content/actors/MarionetteCommandsParent.jsm:327:69
unregisterCommandsActor@chrome://marionette/content/actors/MarionetteCommandsParent.jsm:390:15
GeckoDriver.prototype.deleteSession@chrome://marionette/content/driver.js:2335:3
onClosed@chrome://marionette/content/server.js:194:17
close@chrome://marionette/content/transport.js:225:18
onInputStreamReady@chrome://marionette/content/transport.js:379:14

JavaScript error: , line 0: NotFoundError: No such JSWindowActor 'MarionetteCommands'
JavaScript error: resource://gre/modules/Sqlite.jsm, line 1030: Error: Sqlite.jsm has been shutdown. Cannot open connection to: C:\Users\User\AppData\Local\Temp\rust_mozprofileZyf4Qr\protections.sqlite
1623428900714	Marionette	INFO	Stopped listening on port 65521

###!!! [Child][RunMessage] Error: Channel closing: too late to send/recv, messages will be lost

onette enabled
console.warn: SearchSettings: "get: No settings file exists, new profile?" (new NotFoundError("Could not open the file at C:\\Users\\User\\AppData\\Local\\Temp\\rust_mozprofile1ecfjJ\\search.json.mozlz4", (void 0)))
1623428903762	Marionette	INFO	Listening on port 49459
1623428903895	Marionette	WARN	TLS certificate errors will be ignored for this session
JavaScript warning: https://web.whatsapp.com/bootstrap_qr.9a2bebd8f0c9b5068d2c.js, line 17: unreachable code after return statement
JavaScript warning: https://web.whatsapp.com/bootstrap_qr.9a2bebd8f0c9b5068d2c.js, line 17: unreachable code after return statement
Marionette threw an error: NotFoundError: WindowGlobalParent.getActor: No such JSWindowActor 'MarionetteCommands'
getMarionetteCommandsActorProxy/get/<@chrome://marionette/content/actors/MarionetteCommandsParent.jsm:327:69
unregisterCommandsActor@chrome://marionette/content/actors/MarionetteCommandsParent.jsm:390:15
GeckoDriver.prototype.deleteSession@chrome://marionette/content/driver.js:2335:3
onClosed@chrome://marionette/content/server.js:194:17
close@chrome://marionette/content/transport.js:225:18
onInputStreamReady@chrome://marionette/content/transport.js:379:14


###!!! [Parent][MessageChannel] Error: (msgtype=0xA20001,name=PVsync::Msg_Notify) Channel error: cannot send/recv


###!!! [Parent][MessageChannel] Error: (msgtype=0x390061,name=PContent::Msg_GMPsChanged) Channel error: cannot send/recv


###!!! [Child][MessageChannel::SendAndWait] Error: Channel error: cannot send/recv

A content process crashed and MOZ_CRASHREPORTER_SHUTDOWN is set, shutting down

###!!! [Parent][MessageChannel] Error: (msgtype=0x390144,name=PContent::Msg_AsyncMessage) Channel error: cannot send/recv


###!!! [Parent][MessageChannel] Error: (msgtype=0x390144,name=PContent::Msg_AsyncMessage) Channel error: cannot send/recv


###!!! [Parent][MessageChannel] Error: (msgtype=0x390144,name=PContent::Msg_AsyncMessage) Channel error: cannot send/recv


###!!! [Parent][MessageChannel] Error: (msgtype=0x390144,name=PContent::Msg_AsyncMessage) Channel error: cannot send/recv


###!!! [Parent][MessageChannel] Error: (msgtype=0x390020,name=PContent::Msg_RegisterChromeItem) Channel error: cannot send/recv


###!!! [Parent][MessageChannel] Error: (msgtype=0x390089,name=PContent::Msg_FlushTabState) Channel error: cannot send/recv


###!!! [Parent][MessageChannel] Error: (msgtype=0x230099,name=PBrowser::Msg_Destroy) Channel error: cannot send/recv


###!!! [Parent][MessageChannel] Error: (msgtype=0x390144,name=PContent::Msg_AsyncMessage) Channel error: cannot send/recv


###!!! [Parent][MessageChannel] Error: (msgtype=0x390144,name=PContent::Msg_AsyncMessage) Channel error: cannot send/recv


###!!! [Parent][MessageChannel] Error: (msgtype=0x390089,name=PContent::Msg_FlushTabState) Channel error: cannot send/recv


###!!! [Parent][MessageChannel] Error: (msgtype=0x230099,name=PBrowser::Msg_Destroy) Channel error: cannot send/recv


###!!! [Parent][MessageChannel] Error: (msgtype=0x390144,name=PContent::Msg_AsyncMessage) Channel error: cannot send/recv


###!!! [Parent][MessageChannel] Error: (msgtype=0x390144,name=PContent::Msg_AsyncMessage) Channel error: cannot send/recv


###!!! [Parent][MessageChannel] Error: (msgtype=0x390089,name=PContent::Msg_FlushTabState) Channel error: cannot send/recv


###!!! [Parent][MessageChannel] Error: (msgtype=0x230099,name=PBrowser::Msg_Destroy) Channel error: cannot send/recv


###!!! [Parent][MessageChannel] Error: (msgtype=0x390144,name=PContent::Msg_AsyncMessage) Channel error: cannot send/recv


###!!! [Parent][MessageChannel] Error: (msgtype=0x390144,name=PContent::Msg_AsyncMessage) Channel error: cannot send/recv


###!!! [Parent][MessageChannel] Error: (msgtype=0x390144,name=PContent::Msg_AsyncMessage) Channel error: cannot send/recv


###!!! [Parent][MessageChannel] Error: (msgtype=0x390144,name=PContent::Msg_AsyncMessage) Channel error: cannot send/recv


###!!! [Parent][MessageChannel] Error: (msgtype=0x390089,name=PContent::Msg_FlushTabState) Channel error: cannot send/recv


###!!! [Parent][MessageChannel] Error: (msgtype=0x230099,name=PBrowser::Msg_Destroy) Channel error: cannot send/recv


###!!! [Parent][MessageChannel] Error: (msgtype=0x390144,name=PContent::Msg_AsyncMessage) Channel error: cannot send/recv


###!!! [Parent][MessageChannel] Error: (msgtype=0x390144,name=PContent::Msg_AsyncMessage) Channel error: cannot send/recv


###!!! [Parent][MessageChannel] Error: (msgtype=0x390144,name=PContent::Msg_AsyncMessage) Channel error: cannot send/recv


###!!! [Parent][MessageChannel] Error: (msgtype=0x390144,name=PContent::Msg_AsyncMessage) Channel error: cannot send/recv


###!!! [Parent][MessageChannel] Error: (msgtype=0x390144,name=PContent::Msg_AsyncMessage) Channel error: cannot send/recv


###!!! [Parent][MessageChannel] Error: (msgtype=0x390144,name=PContent::Msg_AsyncMessage) Channel error: cannot send/recv


###!!! [Parent][MessageChannel] Error: (msgtype=0x390144,name=PContent::Msg_AsyncMessage) Channel error: cannot send/recv


###!!! [Parent][MessageChannel] Error: (msgtype=0x390144,name=PContent::Msg_AsyncMessage) Channel error: cannot send/recv


###!!! [Parent][MessageChannel] Error: (msgtype=0x390144,name=PContent::Msg_AsyncMessage) Channel error: cannot send/recv


###!!! [Parent][MessageChannel] Error: (msgtype=0x390144,name=PContent::Msg_AsyncMessage) Channel error: cannot send/recv


###!!! [Parent][MessageChannel] Error: (msgtype=0x390144,name=PContent::Msg_AsyncMessage) Channel error: cannot send/recv


###!!! [Parent][MessageChannel] Error: (msgtype=0x530014,name=PGPU::Msg_RemoveLayerTreeIdMapping) Channel error: cannot send/recv

JavaScript error: resource:///modules/sessionstore/SessionStore.jsm, line 2128: TypeError: subject.QueryInterface is not a function

###!!! [Parent][MessageChannel] Error: (msgtype=0x530014,name=PGPU::Msg_RemoveLayerTreeIdMapping) Channel error: cannot send/recv

JavaScript error: resource:///modules/sessionstore/SessionStore.jsm, line 2128: TypeError: subject.QueryInterface is not a function

###!!! [Parent][MessageChannel] Error: (msgtype=0x530014,name=PGPU::Msg_RemoveLayerTreeIdMapping) Channel error: cannot send/recv

JavaScript error: resource:///modules/sessionstore/SessionStore.jsm, line 2128: TypeError: subject.QueryInterface is not a function

###!!! [Parent][MessageChannel] Error: (msgtype=0x530014,name=PGPU::Msg_RemoveLayerTreeIdMapping) Channel error: cannot send/recv

JavaScript error: resource:///modules/sessionstore/SessionStore.jsm, line 2128: TypeError: subject.QueryInterface is not a function
A content process crashed and MOZ_CRASHREPORTER_SHUTDOWN is set, shutting down

###!!! [Child][MessageChannel] Error: (msgtype=0x960003,name=PTexture::Msg_Destroy) Channel error: cannot send/recv


###!!! [Child][MessageChannel] Error: (msgtype=0x960003,name=PTexture::Msg_Destroy) Channel error: cannot send/recv


###!!! [Child][MessageChannel] Error: (msgtype=0xAA0004,name=PWebRenderBridge::Msg_ReleaseCompositable) Channel error: cannot send/recv


###!!! [Child][MessageChannel] Error: (msgtype=0xAA0026,name=PWebRenderBridge::Msg_Shutdown) Channel error: cannot send/recv


###!!! [Parent][MessageChannel] Error: (msgtype=0x20012,name=PAPZInputBridge::Msg___delete__) Channel error: cannot send/recv


###!!! [Child][MessageChannel] Error: (msgtype=0x960003,name=PTexture::Msg_Destroy) Channel error: cannot send/recv


###!!! [Child][MessageChannel] Error: (msgtype=0x960003,name=PTexture::Msg_Destroy) Channel error: cannot send/recv


###!!! [Child][MessageChannel] Error: (msgtype=0xD,name=PAPZ::Msg_Destroy) Channel error: cannot send/recv


###!!! [Child][MessageChannel::SendAndWait] Error: (msgtype=0x360015,name=PCompositorBridge::Msg_WillClose) Channel error: cannot send/recv


###!!! [Child][MessageChannel] Error: (msgtype=0xAA0026,name=PWebRenderBridge::Msg_Shutdown) Channel error: cannot send/recv


###!!! [Child][MessageChannel::SendAndWait] Error: (msgtype=0x360015,name=PCompositorBridge::Msg_WillClose) Channel error: cannot send/recv

[GFX1-]: Receive IPC close with reason=AbnormalShutdown
[GFX1-]: Receive IPC close with reason=AbnormalShutdown
[Child 15440, Main Thread] WARNING: failed to create pipe: 2: file /builds/worker/checkouts/gecko/ipc/chromium/src/chrome/common/ipc_channel_win.cc:238

###!!! [Child][MessageChannel] Error: (msgtype=0x370001,name=PCompositorManager::Msg_PCompositorBridgeConstructor) Closed channel: cannot send/recv

[Child 15440, Main Thread] WARNING: failed to create pipe: 2: file /builds/worker/checkouts/gecko/ipc/chromium/src/chrome/common/ipc_channel_win.cc:238
[Child 15440, ImageBridgeChld] WARNING: failed to create pipe: 2: file /builds/worker/checkouts/gecko/ipc/chromium/src/chrome/common/ipc_channel_win.cc:238
[Child 15440, RemVidChild] WARNING: failed to create pipe: 2: file /builds/worker/checkouts/gecko/ipc/chromium/src/chrome/common/ipc_channel_win.cc:238
Exiting due to channel error.

###!!! [Child][MessageChannel] Error: (msgtype=0x530034,name=PGPU::Msg_UpdateMediaCodecsSupported) Channel error: cannot send/recv

1623443557951	geckodriver	INFO	Listening on 127.0.0.1:50509
1623443561869	mozrunner::runner	INFO	Running command: "C:\\Users\\User\\Downloads\\PortableApps\\PortableApps\\FirefoxPortable\\App\\Firefox64\\firefox.exe" "--marionette" "-foreground" "-no-remote" "-profile" "C:\\Users\\User\\AppData\\Local\\Temp\\rust_mozprofileU4KZ1M"
1623443562628	Marionette	INFO	Marionette enabled
console.warn: SearchSettings: "get: No settings file exists, new profile?" (new NotFoundError("Could not open the file at C:\\Users\\User\\AppData\\Local\\Temp\\rust_mozprofileU4KZ1M\\search.json.mozlz4", (void 0)))
1623443566635	Marionette	INFO	Listening on port 50517
1623443566761	Marionette	WARN	TLS certificate errors will be ignored for this session
JavaScript warning: https://web.whatsapp.com/bootstrap_qr.9a2bebd8f0c9b5068d2c.js, line 17: unreachable code after return statement
JavaScript warning: https://web.whatsapp.com/bootstrap_qr.9a2bebd8f0c9b5068d2c.js, line 17: unreachable code after return statement
JavaScript error: resource://gre/modules/Sqlite.jsm, line 1030: Error: Sqlite.jsm has been shutdown. Cannot open connection to: C:\Users\User\AppData\Local\Temp\rust_mozprofileU4KZ1M\protections.sqlite
1623443623904	Marionette	INFO	Stopped listening on port 50517

###!!! [Child][RunMessage] Error: Channel closing: too late to send/recv, messages will be lost

onette enabled
console.warn: SearchSettings: "get: No settings file exists, new profile?" (new NotFoundError("Could not open the file at C:\\Users\\User\\AppData\\Local\\Temp\\rust_mozprofilewY4aLi\\search.json.mozlz4", (void 0)))
1623443626707	Marionette	INFO	Listening on port 50579
1623443626954	Marionette	WARN	TLS certificate errors will be ignored for this session
JavaScript warning: https://web.whatsapp.com/bootstrap_qr.9a2bebd8f0c9b5068d2c.js, line 17: unreachable code after return statement
JavaScript warning: https://web.whatsapp.com/bootstrap_qr.9a2bebd8f0c9b5068d2c.js, line 17: unreachable code after return statement
JavaScript error: , line 0: NotFoundError: No such JSWindowActor 'MarionetteCommands'
JavaScript error: resource://gre/modules/Sqlite.jsm, line 1030: Error: Sqlite.jsm has been shutdown. Cannot open connection to: C:\Users\User\AppData\Local\Temp\rust_mozprofilewY4aLi\protections.sqlite
1623443801553	Marionette	INFO	Stopped listening on port 50579

###!!! [Child][RunMessage] Error: Channel closing: too late to se1623443801992	Marionette	INFO	Marionette enabled
console.warn: SearchSettings: "get: No settings file exists, new profile?" (new NotFoundError("Could not open the file at C:\\Users\\User\\AppData\\Local\\Temp\\rust_mozprofileQfdkyH\\search.json.mozlz4", (void 0)))
1623443805644	Marionette	INFO	Listening on port 50644
1623443805940	Marionette	WARN	TLS certificate errors will be ignored for this session
JavaScript warning: https://web.whatsapp.com/bootstrap_qr.9a2bebd8f0c9b5068d2c.js, line 17: unreachable code after return statement
JavaScript warning: https://web.whatsapp.com/bootstrap_qr.9a2bebd8f0c9b5068d2c.js, line 17: unreachable code after return statement
[Parent 6900, IPC I/O Parent] WARNING: pipe error: 232: file /builds/worker/checkouts/gecko/ipc/chromium/src/chrome/common/ipc_channel_win.cc:544
1623443904078	Marionette	INFO	Stopped listening on port 50644
1623443918587	geckodriver	INFO	Listening on 127.0.0.1:50711
1623443922145	mozrunner::runner	INFO	Running command: "C:\\Users\\User\\Downloads\\PortableApps\\PortableApps\\FirefoxPortable\\App\\Firefox64\\firefox.exe" "--marionette" "-foreground" "-no-remote" "-profile" "C:\\Users\\User\\AppData\\Local\\Temp\\rust_mozprofileyN4QuH"
1623443922891	Marionette	INFO	Marionette enabled
console.warn: SearchSettings: "get: No settings file exists, new profile?" (new NotFoundError("Could not open the file at C:\\Users\\User\\AppData\\Local\\Temp\\rust_mozprofileyN4QuH\\search.json.mozlz4", (void 0)))
1623443926864	Marionette	INFO	Listening on port 50721
1623443926999	Marionette	WARN	TLS certificate errors will be ignored for this session
JavaScript warning: https://web.whatsapp.com/bootstrap_qr.9a2bebd8f0c9b5068d2c.js, line 17: unreachable code after return statement
JavaScript warning: https://web.whatsapp.com/bootstrap_qr.9a2bebd8f0c9b5068d2c.js, line 17: unreachable code after return statement
JavaScript error: resource://gre/modules/Sqlite.jsm, line 1030: Error: Sqlite.jsm has been shutdown. Cannot open connection to: C:\Users\User\AppData\Local\Temp\rust_mozprofileyN4QuH\protections.sqlite
1623444159040	Marionette	INFO	Stopped listening on port 50721

###!!! [Child][RunMessage] Error: Channel closing: too late to send/recv, messages will be lost

1623444166036	geckodriver	INFO	Listening on 127.0.0.1:50798
1623444169522	mozrunner::runner	INFO	Running command: "C:\\Users\\User\\Downloads\\PortableApps\\PortableApps\\FirefoxPortable\\App\\Firefox64\\firefox.exe" "--marionette" "-foreground" "-no-remote" "-profile" "C:\\Users\\User\\AppData\\Local\\Temp\\rust_mozprofileCATcaM"
1623444170153	Marionette	INFO	Marionette enabled
console.warn: SearchSettings: "get: No settings file exists, new profile?" (new NotFoundError("Could not open the file at C:\\Users\\User\\AppData\\Local\\Temp\\rust_mozprofileCATcaM\\search.json.mozlz4", (void 0)))
1623444173777	Marionette	INFO	Listening on port 50808
1623444173848	Marionette	WARN	TLS certificate errors will be ignored for this session
JavaScript warning: https://web.whatsapp.com/bootstrap_qr.9a2bebd8f0c9b5068d2c.js, line 17: unreachable code after return statement
JavaScript warning: https://web.whatsapp.com/bootstrap_qr.9a2bebd8f0c9b5068d2c.js, line 17: unreachable code after return statement
JavaScript error: resource://gre/modules/Sqlite.jsm, line 101623444505898	mozrunner::runner	INFO	Running command: "C:\\Users\\User\\Downloads\\PortableApps\\PortableApps\\FirefoxPortable\\App\\Firefox64\\firefox.exe" "--marionette" "-foreground" "-no-remote" "-profile" "C:\\Users\\User\\AppData\\Local\\Temp\\rust_mozprofileB7RvB5"
1623444506525	Marionette	INFO	Marionette enabled
console.warn: SearchSettings: "get: No settings file exists, new profile?" (new NotFoundError("Could not open the file at C:\\Users\\User\\AppData\\Local\\Temp\\rust_mozprofileB7RvB5\\search.json.mozlz4", (void 0)))
1623444510299	Marionette	INFO	Listening on port 50892
1623444510752	Marionette	WARN	TLS certificate errors will be ignored for this session
JavaScript warning: https://web.whatsapp.com/bootstrap_qr.9a2bebd8f0c9b5068d2c.js, line 17: unreachable code after return statement
JavaScript warning: https://web.whatsapp.com/bootstrap_qr.9a2bebd8f0c9b5068d2c.js, line 17: unreachable code after return statement
JavaScript error: resource://gre/modules/Sqlite.jsm, line 101623444709196	mozrunner::runner	INFO	Running command: "C:\\Users\\User\\Downloads\\PortableApps\\PortableApps\\FirefoxPortable\\App\\Firefox64\\firefox.exe" "--marionette" "-foreground" "-no-remote" "-profile" "C:\\Users\\User\\AppData\\Local\\Temp\\rust_mozprofilewMlIAW"
1623444709814	Marionette	INFO	Marionette enabled
console.warn: SearchSettings: "get: No settings file exists, new profile?" (new NotFoundError("Could not open the file at C:\\Users\\User\\AppData\\Local\\Temp\\rust_mozprofilewMlIAW\\search.json.mozlz4", (void 0)))
1623444713474	Marionette	INFO	Listening on port 50956
1623444713541	Marionette	WARN	TLS certificate errors will be ignored for this session
JavaScript warning: https://web.whatsapp.com/bootstrap_qr.9a2bebd8f0c9b5068d2c.js, line 17: unreachable code after return statement
JavaScript warning: https://web.whatsapp.com/bootstrap_qr.9a2bebd8f0c9b5068d2c.js, line 17: unreachable code after return statement

###!!! [Parent][MessageChannel] Error: (msgtype=0x680008,n1623444854042	mozrunner::runner	INFO	Running command: "C:\\Users\\User\\Downloads\\PortableApps\\PortableApps\\FirefoxPortable\\App\\Firefox64\\firefox.exe" "--marionette" "-foreground" "-no-remote" "-profile" "C:\\Users\\User\\AppData\\Local\\Temp\\rust_mozprofileWEcUYY"
1623444854702	Marionette	INFO	Marionette enabled
console.warn: SearchSettings: "get: No settings file exists, new profile?" (new NotFoundError("Could not open the file at C:\\Users\\User\\AppData\\Local\\Temp\\rust_mozprofileWEcUYY\\search.json.mozlz4", (void 0)))
1623444858354	Marionette	INFO	Listening on port 51026
1623444858880	Marionette	WARN	TLS certificate errors will be ignored for this session
JavaScript warning: https://web.whatsapp.com/bootstrap_qr.9a2bebd8f0c9b5068d2c.js, line 17: unreachable code after return statement
JavaScript warning: https://web.whatsapp.com/bootstrap_qr.9a2bebd8f0c9b5068d2c.js, line 17: unreachable code after return statement
JavaScript error: resource://gre/modules/Sqlite.jsm, line 1030: Error: Sqlite.jsm has been shutdown. Cannot open connection to: C:\Users\User\AppData\Local\Temp\rust_mozprofileWEcUYY\protections.sqlite
1623444958187	Marionette	INFO	Stopped listening on port 51026
1623444962197	geckodriver	INFO	Listening on 127.0.0.1:51082
1623444965689	mozrunner::runner	INFO	Running command: "C:\\Users\\User\\Downloads\\PortableApps\\PortableApps\\FirefoxPortable\\App\\Firefox64\\firefox.exe" "--marionette" "-foreground" "-no-remote" "-profile" "C:\\Users\\User\\AppData\\Local\\Temp\\rust_mozprofilepzBO97"
1623444966321	Marionette	INFO	Marionette enabled
console.warn: SearchSettings: "get: No settings file exists, new profile?" (new NotFoundError("Could not open the file at C:\\Users\\User\\AppData\\Local\\Temp\\rust_mozprofilepzBO97\\search.json.mozlz4", (void 0)))
1623444969980	Marionette	INFO	Listening on port 51090
1623444970503	Marionette	WARN	TLS certificate errors will be ignored for this session
JavaScript warning: https://web.whatsapp.com/bootstrap_qr.9a2bebd8f0c9b5068d2c.js, line 17: unreachable code after return statement
JavaScript warning: https://web.whatsapp.com/bootstrap_qr.9a2bebd8f0c9b5068d2c.js, line 17: unreachable code after return statement
JavaScript error: resource://gre/modules/Sqlite.jsm, line 101623445253807	mozrunner::runner	INFO	Running command: "C:\\Users\\User\\Downloads\\PortableApps\\PortableApps\\FirefoxPortable\\App\\Firefox64\\firefox.exe" "--marionette" "-foreground" "-no-remote" "-profile" "C:\\Users\\User\\AppData\\Local\\Temp\\rust_mozprofile32lS7y"
1623445254429	Marionette	INFO	Marionette enabled
console.warn: SearchSettings: "get: No settings file exists, new profile?" (new NotFoundError("Could not open the file at C:\\Users\\User\\AppData\\Local\\Temp\\rust_mozprofile32lS7y\\search.json.mozlz4", (void 0)))
1623445257858	Marionette	INFO	Listening on port 51184
1623445258052	Marionette	WARN	TLS certificate errors will be ignored for this session
JavaScript warning: https://web.whatsapp.com/bootstrap_qr.9a2bebd8f0c9b5068d2c.js, line 17: unreachable code after return statement
JavaScript warning: https://web.whatsapp.com/bootstrap_qr.9a2bebd8f0c9b5068d2c.js, line 17: unreachable code after return statement
JavaScript error: resource://gre/modules/Sqlite.jsm, line 1030: Error: Sqlite.jsm has been shutdown. Cannot open connection to: C:\Users\User\AppData\Local\Temp\rust_mozprofile32lS7y\protections.sqlite
1623445423045	Marionette	INFO	Stopped listening on port 51184
1623445431223	geckodriver	INFO	Listening on 127.0.0.1:51271
1623445434715	mozrunner::runner	INFO	Running command: "C:\\Users\\User\\Downloads\\PortableApps\\PortableApps\\FirefoxPortable\\App\\Firefox64\\firefox.exe" "--marionette" "-foreground" "-no-remote" "-profile" "C:\\Users\\User\\AppData\\Local\\Temp\\rust_mozprofileL4sDAM"
1623445435378	Marionette	INFO	Marionette enabled
console.warn: SearchSettings: "get: No settings file exists, new profile?" (new NotFoundError("Could not open the file at C:\\Users\\User\\AppData\\Local\\Temp\\rust_mozprofileL4sDAM\\search.json.mozlz4", (void 0)))
1623445438920	Marionette	INFO	Listening on port 51279
1623445439056	Marionette	WARN	TLS certificate errors will be ignored for this session
JavaScript warning: https://web.whatsapp.com/bootstrap_qr.9a2bebd8f0c9b5068d2c.js, line 17: unreachable code after return statement
JavaScript warning: https://web.whatsapp.com/bootstrap_qr.9a2bebd8f0c9b5068d2c.js, line 17: unreachable code after return statement
JavaScript error: , line 0: NotFoundError: No such JSWindowActor 'MarionetteCommands'
JavaScript error: resource://gre/modules/Sqlite.jsm, line 101623446181307	mozrunner::runner	INFO	Running command: "C:\\Users\\User\\Downloads\\PortableApps\\PortableApps\\FirefoxPortable\\App\\Firefox64\\firefox.exe" "--marionette" "-foreground" "-no-remote" "-profile" "C:\\Users\\User\\AppData\\Local\\Temp\\rust_mozprofileVTrk8t"
1623446181943	Marionette	INFO	Marionette enabled
console.warn: SearchSettings: "get: No settings file exists, new profile?" (new NotFoundError("Could not open the file at C:\\Users\\User\\AppData\\Local\\Temp\\rust_mozprofileVTrk8t\\search.json.mozlz4", (void 0)))
1623446185295	Marionette	INFO	Listening on port 51403
1623446185535	Marionette	WARN	TLS certificate errors will be ignored for this session
JavaScript warning: https://web.whatsapp.com/bootstrap_qr.9a2bebd8f0c9b5068d2c.js, line 17: unreachable code after return statement
JavaScript warning: https://web.whatsapp.com/bootstrap_qr.9a2bebd8f0c9b5068d2c.js, line 17: unreachable code after return statement
[Parent 15740, IPC I/O Parent] WARNING: pipe error: 232: file /builds/worker/checkouts/gecko/ipc/chromium/src/chrome/common/ipc_channel_win.cc:544
[Parent 15740, IPC I/O Parent] WARNING: pipe error: 232: file /builds/worker/checkouts/gecko/ipc/chromium/src/chrome/common/ipc_channel_win.cc:544
1623446875571	Marionette	INFO	Stopped listening on port 51403

###!!! [Child][MessageChannel] Error: (msgtype=0x390141,name=PContent::Msg_ScriptError) Channel closing: too late to send/recv, messages will be lost


###!!! [Child][MessageChannel] Error: (msgtype=0xAB0006,name=PWebSocket::Msg_DeleteSelf) Channel closing: too late to send/recv, messages will be lost

JavaScript error: resource://gre/modules/Sqlite.jsm, line 1030: Error: Sqlite.jsm has been shutdown. Cannot open connection to: C:\Users\User\AppData\Local\Temp\rust_mozprofileVTrk8t\protections.sqlite

###!!! [Child][RunMessage] Error: Channel closing: too late to send/recv, messages will be lost

1623452651253	geckodriver	INFO	Listening on 127.0.0.1:52008
1623452654775	mozrunner::runner	INFO	Running command: "C:\\Users\\User\\Downloads\\PortableApps\\PortableApps\\FirefoxPortable\\App\\Firefox64\\firefox.exe" "--marionette" "-foreground" "-no-remote" "-profile" "C:\\Users\\User\\AppData\\Local\\Temp\\rust_mozprofileFKUiQu"
1623452655361	Marionette	INFO	Marionette enabled
console.warn: SearchSettings: "get: No settings file exists, new profile?" (new NotFoundError("Could not open the file at C:\\Users\\User\\AppData\\Local\\Temp\\rust_mozprofileFKUiQu\\search.json.mozlz4", (void 0)))
1623452658661	Marionette	INFO	Listening on port 52016
1623452658998	Marionette	WARN	TLS certificate errors will be ignored for this session
JavaScript warning: https://web.whatsapp.com/bootstrap_qr.9a2bebd8f0c9b5068d2c.js, line 17: unreachable code after return statement
JavaScript warning: https://web.whatsapp.com/bootstrap_qr.9a2bebd8f0c9b5068d2c.js, line 17: unreachable code after return statement
JavaScript error: resource://gre/modules/AsyncShutdown.jsm, line 575: NotFoundError: No such JSWindowActor 'MarionetteCommands'
1623485870624	geckodriver	INFO	Listening on 127.0.0.1:53441
1623485874077	mozrunner::runner	INFO	Running command: "C:\\Users\\User\\Downloads\\PortableApps\\PortableApps\\FirefoxPortable\\App\\Firefox64\\firefox.exe" "--marionette" "-foreground" "-no-remote" "-profile" "C:\\Users\\User\\AppData\\Local\\Temp\\rust_mozprofileTppOL3"
1623485874697	Marionette	INFO	Marionette enabled
console.warn: SearchSettings: "get: No settings file exists, new profile?" (new NotFoundError("Could not open the file at C:\\Users\\User\\AppData\\Local\\Temp\\rust_mozprofileTppOL3\\search.json.mozlz4", (void 0)))
1623485878078	Marionette	INFO	Listening on port 53449
1623485878315	Marionette	WARN	TLS certificate errors will be ignored for this session
JavaScript warning: https://web.whatsapp.com/bootstrap_qr.9a2bebd8f0c9b5068d2c.js, line 17: unreachable code after return statement
JavaScript warning: https://web.whatsapp.com/bootstrap_qr.9a2bebd8f0c9b5068d2c.js, line 17: unreachable code after return statement
Marionette threw an error: NotFoundError: WindowGlobalParent.getActor: No such JSWindowActor 'MarionetteCommands'
getMarionetteCommandsActorProxy/get/<@chrome://marionette/content/actors/MarionetteCommandsParent.jsm:327:69
unregisterCommandsActor@chrome://marionette/content/actors/MarionetteCommandsParent.jsm:390:15
GeckoDriver.prototype.deleteSession@chrome://marionette/content/driver.js:2335:3
onClosed@chrome://marionette/content/server.js:194:17
close@chrome://marionette/content/transport.js:225:18
onInputStreamReady@chrome://marionette/content/transport.js:379:14

JavaScript error: , line 0: NotFoundError: No such JSWindowActor 'MarionetteCommands'
JavaScript error: resource://gre/modules/Sqlite.jsm, line 1030: Error: Sqlite.jsm has been shutdown. Cannot open connection to: C:\Users\User\AppData\Local\Temp\rust_mozprofileTppOL3\protections.sqlite

###!!! [Child][RunMessage] Error: Channel closing: too late to send/recv, messages will be lost

1623501616781	Marionette	INFO	Stopped listening on port 53449
1623501620029	geckodriver	INFO	Listening on 127.0.0.1:54907
1623501623779	mozrunner::runner	INFO	Running command: "C:\\Users\\User\\Downloads\\PortableApps\\PortableApps\\FirefoxPortable\\App\\Firefox64\\firefox.exe" "--marionette" "-foreground" "-no-remote" "-profile" "C:\\Users\\User\\AppData\\Local\\Temp\\rust_mozprofilelvFZ43"
1623501624483	Marionette	INFO	Marionette enabled
console.warn: SearchSettings: "get: No settings file exists, new profile?" (new NotFoundError("Could not open the file at C:\\Users\\User\\AppData\\Local\\Temp\\rust_mozprofilelvFZ43\\search.json.mozlz4", (void 0)))
1623501628261	Marionette	INFO	Listening on port 54915
1623501628598	Marionette	WARN	TLS certificate errors will be ignored for this session
JavaScript warning: https://web.whatsapp.com/bootstrap_qr.9a2bebd8f0c9b5068d2c.js, line 17: unreachable code after return statement
JavaScript warning: https://web.whatsapp.com/bootstrap_qr.9a2bebd8f0c9b5068d2c.js, line 17: unreachable code after return statement
Marionette threw an error: NotFoundError: WindowGlobalParent.getActor: No such JSWindowActor 'MarionetteCommands'
getMarionetteCommandsActorProxy/get/<@chrome://marionette/content/actors/MarionetteCommandsParent.jsm:327:69
unregisterCommandsActor@chrome://marionette/content/actors/MarionetteCommandsParent.jsm:390:15
GeckoDriver.prototype.deleteSession@chrome://marionette/content/driver.js:2335:3
onClosed@chrome://marionette/content/server.js:194:17
close@chrome://marionette/content/transport.js:225:18
onInputStreamReady@chrome://marionette/content/transport.js:379:14

WARNING: At least one completion condition is taking too long to complete. Conditions: [{"name":"ContentParent: id=228c1b78800","state":{"remoteTypePrefix":"web"},"filename":"/builds/worker/checkouts/gecko/dom/ipc/ContentParent.cpp","lineNumber":3507,"stack":["resource://gre/modules/nsAsyncShutdown.jsm:addBlocker:162","chrome://global/content/elements/browser-custom-element.js:get loadContext:372","chrome://global/content/elements/browser-custom-element.js:construct:1005","chrome://global/content/elements/browser-custom-element.js:connectedCallback:310","chrome://browser/content/tabbrowser.js:_setupInitialBrowserAndTab:414","chrome://browser/content/tabbrowser.js:init:50","chrome://browser/content/browser.js:onDOMContentLoaded:1725"]}] Barrier: profile-before-change
JavaScript error: resource:///modules/sessionstore/SessionStore.jsm, line 2128: TypeError: subject.QueryInterface is not a function
JavaScript error: resource://gre/modules/Sqlite.jsm, line 1030: Error: Sqlite.jsm has been shutdo1623601033973	Marionette	INFO	Stopped listening on port 61195
\rust_mozprofilelvFZ43\protections.sqlite
A content process crashed and MOZ_CRASHREPORTER_SHUTDOWN is set, shutting down
1623573585377	Marionette	INFO	Stopped listening on port 54915
1623601030577	geckodriver	INFO	Listening on 127.0.0.1:52297
1623601034072	mozrunner::runner	INFO	Running command: "C:\\Users\\User\\Downloads\\PortableApps\\PortableApps\\FirefoxPortable\\App\\Firefox64\\firefox.exe" "--marionette" "-foreground" "-no-remote" "-profile" "C:\\Users\\User\\AppData\\Local\\Temp\\rust_mozprofileMTd6W6"
1623601034714	Marionette	INFO	Marionette enabled
console.warn: SearchSettings: "get: No settings file exists, new profile?" (new NotFoundError("Could not open the file at C:\\Users\\User\\AppData\\Local\\Temp\\rust_mozprofileMTd6W6\\search.json.mozlz4", (void 0)))
1623601038164	Marionette	INFO	Listening on port 52307
1623601038278	Marionette	WARN	TLS certificate errors will be ignored for this session
JavaScript warning: https://web.whatsapp.com/bootstrap_qr.9a2bebd8f0c9b5068d2c.js, line 17: unreachable code after return statement
JavaScript warning: https://web.whatsapp.com/bootstrap_qr.9a2bebd8f0c9b5068d2c.js, line 17: unreachable code after return statement
[Parent 6392, IPC I/O Parent] WARNING: pipe error: 232: file /builds/worker/checkouts/gecko/ipc/chromium/src/chrome/common/ipc_channel_win.cc:544

###!!! [Parent][RunMessage] Error: Channel error: cannot send/recv

Marionette threw an error: NotFoundError: WindowGlobalParent.getActor: No such JSWindowActor 'MarionetteCommands'
getMarionetteCommandsActorProxy/get/<@chrome://marionette/content/actors/MarionetteCommandsParent.jsm:327:69
unregisterCommandsActor@chrome://marionette/content/actors/MarionetteCommandsParent.jsm:390:15
GeckoDriver.prototype.deleteSession@chrome://marionette/content/driver.js:2335:3
onClosed@chrome://marionette/content/server.js:194:17
close@chrome://marionette/content/transport.js:225:18
onInputStreamReady@chrome://marionette/content/transport.js:379:14

JavaScript error: resource://gre/modules/AsyncShutdown.jsm, line 575: NotFoundError: No such JSWindowActor 'MarionetteCommands'
WARNING: At least one completion condition is taking too long to complete. Conditions: [{"name":"ContentParent: id=258a2f16800","state":{"remoteTypePrefix":"web"},"filename":"/builds/worker/checkouts/gecko/dom/ipc/ContentParent.cpp","lineNumber":3507,"stack":["resource://gre/modules/nsAsyncShutdown.jsm:addBlocker:162","chrome://global/content/elements/browser-custom-element.js:get loadContext:372","chrome://global/content/elements/browser-custom-element.js:construct:1005","chrome://global/content/elements/browser-custom-element.js:connectedCallback:310","chrome://browser/content/tabbrowser.js:_setupInitialBrowserAndTab:414","chrome://browser/content/tabbrowser.js:init:50","chrome://browser/content/browser.js:onDOMContentLoaded:1725"]}] Barrier: profile-before-change

###!!! [Child][MessageChannel] Error: (msgtype=0x230030,name=PBrowser::Msg___delete__) Channel closing: too late to send/recv, messages will be lost


###!!! [Child][MessageChannel] Error: (msgtype=0x390141,name=PContent::Msg_ScriptError) Channel closing: too late to send/recv, messages will be lost


###!!! [Child][MessageChannel] Error: (msgtype=0xAB0006,name=PWebSocket::Msg_DeleteSelf) Channel closing: too late to send/recv, messages will be lost

JavaScript error: resource://gre/modules/Sqlite.jsm, line 1030: Error: Sqlite.jsm has been shutdown. Cannot open connection to: C:\Users\User\AppData\Local\Temp\rust_mozprofileMTd6W6\protections.sqlite
1623621246289	Marionette	INFO	Stopped listening on port 52307
1636714884528	geckodriver	INFO	Listening on 127.0.0.1:55425
1636714888278	mozrunner::runner	INFO	Running command: "C:\\Users\\User\\Downloads\\PortableApps\\PortableApps\\FirefoxPortable\\App\\Firefox64\\firefox.exe" "--marionette" "-foreground" "-no-remote" "-profile" "C:\\Users\\User\\AppData\\Local\\Temp\\rust_mozprofileiKGI5o"
1636714902291	geckodriver	INFO	Listening on 127.0.0.1:55443
1636714906199	mozrunner::runner	INFO	Running command: "C:\\Users\\User\\Downloads\\PortableApps\\PortableApps\\FirefoxPortable\\App\\Firefox64\\firefox.exe" "--marionette" "-foreground" "-no-remote" "-profile" "C:\\Users\\User\\AppData\\Local\\Temp\\rust_mozprofileRJR0B1"
1636714906892	Marionette	INFO	Marionette enabled
console.warn: SearchSettings: "get: No settings file exists, new profile?" (new NotFoundError("Could not open the file at C:\\Users\\User\\AppData\\Local\\Temp\\rust_mozprofileRJR0B1\\search.json.mozlz4", (void 0)))
1636714912402	Marionette	INFO	Listening on port 55474
1636714912894	RemoteAgent	WARN	TLS certificate errors will be ignored for this session
JavaScript warning: https://web.whatsapp.com/bootstrap_qr.37b05cd2420f8e06848b.js, line 57: unreachable code after return statement
JavaScript warning: https://web.whatsapp.com/bootstrap_qr.37b05cd2420f8e06848b.js, line 57: unreachable code after return statement
